Arguments: 
  /usr/local/bin/node /Users/alexlevy0/.yarn/bin/yarn.js init

PATH: 
  /Users/alexlevy0/.yarn/bin:/Users/alexlevy0/.config/yarn/global/node_modules/.bin:/usr/local/bin:/usr/bin:/bin:/usr/sbin:/sbin:/usr/local/go/bin:/Library/Apple/usr/bin:/Users/alexlevy0/.yarn/bin:/Users/alexlevy0/.config/yarn/global/node_modules/.bin:/Users/alexlevy0/Library/Android/flutter-sdk/flutter/bin:/Users/alexlevy0/Library/Android/flutter-sdk/flutter/bin/cache/dart-sdk/bin:/Users/alexlevy0/Library/Android/sdk:/Users/alexlevy0/Library/Android/sdk/platform-tools:/Users/alexlevy0/Library/Android/flutter-sdk/flutter/bin:/Users/alexlevy0/Library/Android/flutter-sdk/flutter/bin/cache/dart-sdk/bin:/Users/alexlevy0/Library/Android/sdk:/Users/alexlevy0/Library/Android/sdk/platform-tools

Yarn version: 
  1.22.5

Node version: 
  14.9.0

Platform: 
  darwin x64

Trace: 
  Error: canceled
      at Interface.<anonymous> (/Users/alexlevy0/.yarn/lib/cli.js:137009:13)
      at Interface.emit (events.js:314:20)
      at Interface._ttyWrite (readline.js:875:16)
      at ReadStream.onkeypress (readline.js:213:10)
      at ReadStream.emit (events.js:314:20)
      at emitKeys (internal/readline/utils.js:335:14)
      at emitKeys.next (<anonymous>)
      at ReadStream.onData (readline.js:1144:36)
      at ReadStream.emit (events.js:314:20)
      at addChunk (_stream_readable.js:303:12)

npm manifest: 
  No manifest

yarn manifest: 
  No manifest

Lockfile: 
  No lockfile
